[ 2017-03-08T23:02:21+08:00 ] ::1 /bishe/Home/Inde
INFO: [ app_init ] --START--
INFO: Run Behavior\BuildLiteBehavior [ RunTime:0.000053s ]
INFO: [ app_init ] --END-- [ RunTime:0.043119s ]
INFO: [ app_begin ] --START--
INFO: Run Behavior\ReadHtmlCacheBehavior [ RunTime:0.040943s ]
INFO: [ app_begin ] --END-- [ RunTime:0.041202s ]
ERR: 无法加载控制器:Inde

[ 2017-03-08T23:02:28+08:00 ] ::1 /bishe/Home/Index
INFO: [ app_init ] --START--
INFO: Run Behavior\BuildLiteBehavior [ RunTime:0.000038s ]
INFO: [ app_init ] --END-- [ RunTime:0.000972s ]
INFO: [ app_begin ] --START--
INFO: Run Behavior\ReadHtmlCacheBehavior [ RunTime:0.001322s ]
INFO: [ app_begin ] --END-- [ RunTime:0.001513s ]
SQL: SHOW COLUMNS FROM `homepopular` [ RunTime:0.1343s ]
SQL: SELECT * FROM `homepopular` ORDER BY star LIMIT 3   [ RunTime:0.1050s ]
SQL: SELECT * FROM `homepopular` LIMIT 4   [ RunTime:0.0011s ]
INFO: [ view_parse ] --START--
INFO: [ template_filter ] --START--
INFO: Run Behavior\ContentReplaceBehavior [ RunTime:0.000200s ]
INFO: [ template_filter ] --END-- [ RunTime:0.000375s ]
NOTIC: [8] Use of undefined constant id - assumed 'id' D:\Program Files\wamp\www\bishe\Application\Runtime\Cache\Home\2a94b8bda04ff446dcedd42276fc99ee.php 第 252 行.
NOTIC: [8] Use of undefined constant id - assumed 'id' D:\Program Files\wamp\www\bishe\Application\Runtime\Cache\Home\2a94b8bda04ff446dcedd42276fc99ee.php 第 252 行.
NOTIC: [8] Use of undefined constant id - assumed 'id' D:\Program Files\wamp\www\bishe\Application\Runtime\Cache\Home\2a94b8bda04ff446dcedd42276fc99ee.php 第 257 行.
NOTIC: [8] Use of undefined constant id - assumed 'id' D:\Program Files\wamp\www\bishe\Application\Runtime\Cache\Home\2a94b8bda04ff446dcedd42276fc99ee.php 第 257 行.
NOTIC: [8] Use of undefined constant id - assumed 'id' D:\Program Files\wamp\www\bishe\Application\Runtime\Cache\Home\2a94b8bda04ff446dcedd42276fc99ee.php 第 252 行.
NOTIC: [8] Use of undefined constant id - assumed 'id' D:\Program Files\wamp\www\bishe\Application\Runtime\Cache\Home\2a94b8bda04ff446dcedd42276fc99ee.php 第 252 行.
NOTIC: [8] Use of undefined constant id - assumed 'id' D:\Program Files\wamp\www\bishe\Application\Runtime\Cache\Home\2a94b8bda04ff446dcedd42276fc99ee.php 第 257 行.
NOTIC: [8] Use of undefined constant id - assumed 'id' D:\Program Files\wamp\www\bishe\Application\Runtime\Cache\Home\2a94b8bda04ff446dcedd42276fc99ee.php 第 257 行.
NOTIC: [8] Use of undefined constant id - assumed 'id' D:\Program Files\wamp\www\bishe\Application\Runtime\Cache\Home\2a94b8bda04ff446dcedd42276fc99ee.php 第 252 行.
NOTIC: [8] Use of undefined constant id - assumed 'id' D:\Program Files\wamp\www\bishe\Application\Runtime\Cache\Home\2a94b8bda04ff446dcedd42276fc99ee.php 第 252 行.
NOTIC: [8] Use of undefined constant id - assumed 'id' D:\Program Files\wamp\www\bishe\Application\Runtime\Cache\Home\2a94b8bda04ff446dcedd42276fc99ee.php 第 257 行.
NOTIC: [8] Use of undefined constant id - assumed 'id' D:\Program Files\wamp\www\bishe\Application\Runtime\Cache\Home\2a94b8bda04ff446dcedd42276fc99ee.php 第 257 行.
NOTIC: [8] Use of undefined constant id - assumed 'id' D:\Program Files\wamp\www\bishe\Application\Runtime\Cache\Home\2a94b8bda04ff446dcedd42276fc99ee.php 第 327 行.
NOTIC: [8] Use of undefined constant id - assumed 'id' D:\Program Files\wamp\www\bishe\Application\Runtime\Cache\Home\2a94b8bda04ff446dcedd42276fc99ee.php 第 327 行.
NOTIC: [8] Undefined index: comment-quantity D:\Program Files\wamp\www\bishe\Application\Runtime\Cache\Home\2a94b8bda04ff446dcedd42276fc99ee.php 第 337 行.
NOTIC: [8] Use of undefined constant id - assumed 'id' D:\Program Files\wamp\www\bishe\Application\Runtime\Cache\Home\2a94b8bda04ff446dcedd42276fc99ee.php 第 343 行.
NOTIC: [8] Use of undefined constant id - assumed 'id' D:\Program Files\wamp\www\bishe\Application\Runtime\Cache\Home\2a94b8bda04ff446dcedd42276fc99ee.php 第 343 行.
NOTIC: [8] Use of undefined constant id - assumed 'id' D:\Program Files\wamp\www\bishe\Application\Runtime\Cache\Home\2a94b8bda04ff446dcedd42276fc99ee.php 第 327 行.
NOTIC: [8] Use of undefined constant id - assumed 'id' D:\Program Files\wamp\www\bishe\Application\Runtime\Cache\Home\2a94b8bda04ff446dcedd42276fc99ee.php 第 327 行.
NOTIC: [8] Undefined index: comment-quantity D:\Program Files\wamp\www\bishe\Application\Runtime\Cache\Home\2a94b8bda04ff446dcedd42276fc99ee.php 第 337 行.
NOTIC: [8] Use of undefined constant id - assumed 'id' D:\Program Files\wamp\www\bishe\Application\Runtime\Cache\Home\2a94b8bda04ff446dcedd42276fc99ee.php 第 343 行.
NOTIC: [8] Use of undefined constant id - assumed 'id' D:\Program Files\wamp\www\bishe\Application\Runtime\Cache\Home\2a94b8bda04ff446dcedd42276fc99ee.php 第 343 行.
NOTIC: [8] Use of undefined constant id - assumed 'id' D:\Program Files\wamp\www\bishe\Application\Runtime\Cache\Home\2a94b8bda04ff446dcedd42276fc99ee.php 第 327 行.
NOTIC: [8] Use of undefined constant id - assumed 'id' D:\Program Files\wamp\www\bishe\Application\Runtime\Cache\Home\2a94b8bda04ff446dcedd42276fc99ee.php 第 327 行.
NOTIC: [8] Undefined index: comment-quantity D:\Program Files\wamp\www\bishe\Application\Runtime\Cache\Home\2a94b8bda04ff446dcedd42276fc99ee.php 第 337 行.
NOTIC: [8] Use of undefined constant id - assumed 'id' D:\Program Files\wamp\www\bishe\Application\Runtime\Cache\Home\2a94b8bda04ff446dcedd42276fc99ee.php 第 343 行.
NOTIC: [8] Use of undefined constant id - assumed 'id' D:\Program Files\wamp\www\bishe\Application\Runtime\Cache\Home\2a94b8bda04ff446dcedd42276fc99ee.php 第 343 行.
NOTIC: [8] Use of undefined constant id - assumed 'id' D:\Program Files\wamp\www\bishe\Application\Runtime\Cache\Home\2a94b8bda04ff446dcedd42276fc99ee.php 第 327 行.
NOTIC: [8] Use of undefined constant id - assumed 'id' D:\Program Files\wamp\www\bishe\Application\Runtime\Cache\Home\2a94b8bda04ff446dcedd42276fc99ee.php 第 327 行.
NOTIC: [8] Undefined index: comment-quantity D:\Program Files\wamp\www\bishe\Application\Runtime\Cache\Home\2a94b8bda04ff446dcedd42276fc99ee.php 第 337 行.
NOTIC: [8] Use of undefined constant id - assumed 'id' D:\Program Files\wamp\www\bishe\Application\Runtime\Cache\Home\2a94b8bda04ff446dcedd42276fc99ee.php 第 343 行.
NOTIC: [8] Use of undefined constant id - assumed 'id' D:\Program Files\wamp\www\bishe\Application\Runtime\Cache\Home\2a94b8bda04ff446dcedd42276fc99ee.php 第 343 行.
INFO: Run Behavior\ParseTemplateBehavior [ RunTime:0.407402s ]
INFO: [ view_parse ] --END-- [ RunTime:0.407674s ]
INFO: [ view_filter ] --START--
INFO: Run Behavior\WriteHtmlCacheBehavior [ RunTime:0.064535s ]
INFO: [ view_filter ] --END-- [ RunTime:0.064714s ]
INFO: [ app_end ] --START--
INFO: Run Behavior\ShowPageTraceBehavior [ RunTime:0.013403s ]
INFO: [ app_end ] --END-- [ RunTime:0.013577s ]

[ 2017-03-08T23:03:15+08:00 ] ::1 /bishe/Home/Index/publishing.html
INFO: [ app_init ] --START--
INFO: Run Behavior\BuildLiteBehavior [ RunTime:0.000041s ]
INFO: [ app_init ] --END-- [ RunTime:0.001311s ]
INFO: [ app_begin ] --START--
INFO: Run Behavior\ReadHtmlCacheBehavior [ RunTime:0.000889s ]
INFO: [ app_begin ] --END-- [ RunTime:0.001063s ]
INFO: [ view_parse ] --START--
INFO: [ template_filter ] --START--
INFO: Run Behavior\ContentReplaceBehavior [ RunTime:0.000265s ]
INFO: [ template_filter ] --END-- [ RunTime:0.000445s ]
INFO: Run Behavior\ParseTemplateBehavior [ RunTime:0.023419s ]
INFO: [ view_parse ] --END-- [ RunTime:0.023616s ]
INFO: [ view_filter ] --START--
INFO: Run Behavior\WriteHtmlCacheBehavior [ RunTime:0.000651s ]
INFO: [ view_filter ] --END-- [ RunTime:0.000808s ]
INFO: [ app_end ] --START--
INFO: Run Behavior\ShowPageTraceBehavior [ RunTime:0.000867s ]
INFO: [ app_end ] --END-- [ RunTime:0.001019s ]

[ 2017-03-08T23:32:33+08:00 ] ::1 /bishe/Home/Index
INFO: [ app_init ] --START--
INFO: Run Behavior\BuildLiteBehavior [ RunTime:0.000041s ]
INFO: [ app_init ] --END-- [ RunTime:0.001324s ]
INFO: [ app_begin ] --START--
INFO: Run Behavior\ReadHtmlCacheBehavior [ RunTime:0.002968s ]
INFO: [ app_begin ] --END-- [ RunTime:0.003201s ]
SQL: SHOW COLUMNS FROM `homepopular` [ RunTime:0.0076s ]
SQL: SELECT * FROM `homepopular` ORDER BY star LIMIT 3   [ RunTime:0.0006s ]
SQL: SELECT * FROM `homepopular` LIMIT 4   [ RunTime:0.0007s ]
INFO: [ view_parse ] --START--
INFO: [ template_filter ] --START--
INFO: Run Behavior\ContentReplaceBehavior [ RunTime:0.000196s ]
INFO: [ template_filter ] --END-- [ RunTime:0.000381s ]
NOTIC: [8] Use of undefined constant id - assumed 'id' D:\Program Files\wamp\www\bishe\Application\Runtime\Cache\Home\2a94b8bda04ff446dcedd42276fc99ee.php 第 252 行.
NOTIC: [8] Use of undefined constant id - assumed 'id' D:\Program Files\wamp\www\bishe\Application\Runtime\Cache\Home\2a94b8bda04ff446dcedd42276fc99ee.php 第 252 行.
NOTIC: [8] Use of undefined constant id - assumed 'id' D:\Program Files\wamp\www\bishe\Application\Runtime\Cache\Home\2a94b8bda04ff446dcedd42276fc99ee.php 第 257 行.
NOTIC: [8] Use of undefined constant id - assumed 'id' D:\Program Files\wamp\www\bishe\Application\Runtime\Cache\Home\2a94b8bda04ff446dcedd42276fc99ee.php 第 257 行.
NOTIC: [8] Use of undefined constant id - assumed 'id' D:\Program Files\wamp\www\bishe\Application\Runtime\Cache\Home\2a94b8bda04ff446dcedd42276fc99ee.php 第 252 行.
NOTIC: [8] Use of undefined constant id - assumed 'id' D:\Program Files\wamp\www\bishe\Application\Runtime\Cache\Home\2a94b8bda04ff446dcedd42276fc99ee.php 第 252 行.
NOTIC: [8] Use of undefined constant id - assumed 'id' D:\Program Files\wamp\www\bishe\Application\Runtime\Cache\Home\2a94b8bda04ff446dcedd42276fc99ee.php 第 257 行.
NOTIC: [8] Use of undefined constant id - assumed 'id' D:\Program Files\wamp\www\bishe\Application\Runtime\Cache\Home\2a94b8bda04ff446dcedd42276fc99ee.php 第 257 行.
NOTIC: [8] Use of undefined constant id - assumed 'id' D:\Program Files\wamp\www\bishe\Application\Runtime\Cache\Home\2a94b8bda04ff446dcedd42276fc99ee.php 第 252 行.
NOTIC: [8] Use of undefined constant id - assumed 'id' D:\Program Files\wamp\www\bishe\Application\Runtime\Cache\Home\2a94b8bda04ff446dcedd42276fc99ee.php 第 252 行.
NOTIC: [8] Use of undefined constant id - assumed 'id' D:\Program Files\wamp\www\bishe\Application\Runtime\Cache\Home\2a94b8bda04ff446dcedd42276fc99ee.php 第 257 行.
NOTIC: [8] Use of undefined constant id - assumed 'id' D:\Program Files\wamp\www\bishe\Application\Runtime\Cache\Home\2a94b8bda04ff446dcedd42276fc99ee.php 第 257 行.
NOTIC: [8] Use of undefined constant id - assumed 'id' D:\Program Files\wamp\www\bishe\Application\Runtime\Cache\Home\2a94b8bda04ff446dcedd42276fc99ee.php 第 327 行.
NOTIC: [8] Use of undefined constant id - assumed 'id' D:\Program Files\wamp\www\bishe\Application\Runtime\Cache\Home\2a94b8bda04ff446dcedd42276fc99ee.php 第 327 行.
NOTIC: [8] Undefined index: comment-quantity D:\Program Files\wamp\www\bishe\Application\Runtime\Cache\Home\2a94b8bda04ff446dcedd42276fc99ee.php 第 337 行.
NOTIC: [8] Use of undefined constant id - assumed 'id' D:\Program Files\wamp\www\bishe\Application\Runtime\Cache\Home\2a94b8bda04ff446dcedd42276fc99ee.php 第 343 行.
NOTIC: [8] Use of undefined constant id - assumed 'id' D:\Program Files\wamp\www\bishe\Application\Runtime\Cache\Home\2a94b8bda04ff446dcedd42276fc99ee.php 第 343 行.
NOTIC: [8] Use of undefined constant id - assumed 'id' D:\Program Files\wamp\www\bishe\Application\Runtime\Cache\Home\2a94b8bda04ff446dcedd42276fc99ee.php 第 327 行.
NOTIC: [8] Use of undefined constant id - assumed 'id' D:\Program Files\wamp\www\bishe\Application\Runtime\Cache\Home\2a94b8bda04ff446dcedd42276fc99ee.php 第 327 行.
NOTIC: [8] Undefined index: comment-quantity D:\Program Files\wamp\www\bishe\Application\Runtime\Cache\Home\2a94b8bda04ff446dcedd42276fc99ee.php 第 337 行.
NOTIC: [8] Use of undefined constant id - assumed 'id' D:\Program Files\wamp\www\bishe\Application\Runtime\Cache\Home\2a94b8bda04ff446dcedd42276fc99ee.php 第 343 行.
NOTIC: [8] Use of undefined constant id - assumed 'id' D:\Program Files\wamp\www\bishe\Application\Runtime\Cache\Home\2a94b8bda04ff446dcedd42276fc99ee.php 第 343 行.
NOTIC: [8] Use of undefined constant id - assumed 'id' D:\Program Files\wamp\www\bishe\Application\Runtime\Cache\Home\2a94b8bda04ff446dcedd42276fc99ee.php 第 327 行.
NOTIC: [8] Use of undefined constant id - assumed 'id' D:\Program Files\wamp\www\bishe\Application\Runtime\Cache\Home\2a94b8bda04ff446dcedd42276fc99ee.php 第 327 行.
NOTIC: [8] Undefined index: comment-quantity D:\Program Files\wamp\www\bishe\Application\Runtime\Cache\Home\2a94b8bda04ff446dcedd42276fc99ee.php 第 337 行.
NOTIC: [8] Use of undefined constant id - assumed 'id' D:\Program Files\wamp\www\bishe\Application\Runtime\Cache\Home\2a94b8bda04ff446dcedd42276fc99ee.php 第 343 行.
NOTIC: [8] Use of undefined constant id - assumed 'id' D:\Program Files\wamp\www\bishe\Application\Runtime\Cache\Home\2a94b8bda04ff446dcedd42276fc99ee.php 第 343 行.
NOTIC: [8] Use of undefined constant id - assumed 'id' D:\Program Files\wamp\www\bishe\Application\Runtime\Cache\Home\2a94b8bda04ff446dcedd42276fc99ee.php 第 327 行.
NOTIC: [8] Use of undefined constant id - assumed 'id' D:\Program Files\wamp\www\bishe\Application\Runtime\Cache\Home\2a94b8bda04ff446dcedd42276fc99ee.php 第 327 行.
NOTIC: [8] Undefined index: comment-quantity D:\Program Files\wamp\www\bishe\Application\Runtime\Cache\Home\2a94b8bda04ff446dcedd42276fc99ee.php 第 337 行.
NOTIC: [8] Use of undefined constant id - assumed 'id' D:\Program Files\wamp\www\bishe\Application\Runtime\Cache\Home\2a94b8bda04ff446dcedd42276fc99ee.php 第 343 行.
NOTIC: [8] Use of undefined constant id - assumed 'id' D:\Program Files\wamp\www\bishe\Application\Runtime\Cache\Home\2a94b8bda04ff446dcedd42276fc99ee.php 第 343 行.
INFO: Run Behavior\ParseTemplateBehavior [ RunTime:0.066107s ]
INFO: [ view_parse ] --END-- [ RunTime:0.066276s ]
INFO: [ view_filter ] --START--
INFO: Run Behavior\WriteHtmlCacheBehavior [ RunTime:0.002015s ]
INFO: [ view_filter ] --END-- [ RunTime:0.002176s ]
INFO: [ app_end ] --START--
INFO: Run Behavior\ShowPageTraceBehavior [ RunTime:0.003085s ]
INFO: [ app_end ] --END-- [ RunTime:0.003262s ]

[ 2017-03-08T23:33:33+08:00 ] ::1 /bishe/Home/Index/publishing.html
INFO: [ app_init ] --START--
INFO: Run Behavior\BuildLiteBehavior [ RunTime:0.000073s ]
INFO: [ app_init ] --END-- [ RunTime:0.002552s ]
INFO: [ app_begin ] --START--
INFO: Run Behavior\ReadHtmlCacheBehavior [ RunTime:0.003575s ]
INFO: [ app_begin ] --END-- [ RunTime:0.004154s ]
INFO: [ view_parse ] --START--
INFO: [ template_filter ] --START--
INFO: Run Behavior\ContentReplaceBehavior [ RunTime:0.000266s ]
INFO: [ template_filter ] --END-- [ RunTime:0.000532s ]
INFO: Run Behavior\ParseTemplateBehavior [ RunTime:0.062270s ]
INFO: [ view_parse ] --END-- [ RunTime:0.062489s ]
INFO: [ view_filter ] --START--
INFO: Run Behavior\WriteHtmlCacheBehavior [ RunTime:0.003649s ]
INFO: [ view_filter ] --END-- [ RunTime:0.003943s ]
INFO: [ app_end ] --START--
INFO: Run Behavior\ShowPageTraceBehavior [ RunTime:0.003831s ]
INFO: [ app_end ] --END-- [ RunTime:0.004044s ]

[ 2017-03-08T23:44:09+08:00 ] ::1 /bishe/Home/Index/publishing.html
INFO: [ app_init ] --START--
INFO: Run Behavior\BuildLiteBehavior [ RunTime:0.000037s ]
INFO: [ app_init ] --END-- [ RunTime:0.001077s ]
INFO: [ app_begin ] --START--
INFO: Run Behavior\ReadHtmlCacheBehavior [ RunTime:0.001714s ]
INFO: [ app_begin ] --END-- [ RunTime:0.002154s ]
INFO: [ view_parse ] --START--
INFO: [ template_filter ] --START--
INFO: Run Behavior\ContentReplaceBehavior [ RunTime:0.000177s ]
INFO: [ template_filter ] --END-- [ RunTime:0.000371s ]
INFO: Run Behavior\ParseTemplateBehavior [ RunTime:0.047188s ]
INFO: [ view_parse ] --END-- [ RunTime:0.047372s ]
INFO: [ view_filter ] --START--
INFO: Run Behavior\WriteHtmlCacheBehavior [ RunTime:0.001122s ]
INFO: [ view_filter ] --END-- [ RunTime:0.001310s ]
INFO: [ app_end ] --START--
INFO: Run Behavior\ShowPageTraceBehavior [ RunTime:0.001270s ]
INFO: [ app_end ] --END-- [ RunTime:0.001438s ]

[ 2017-03-08T23:49:26+08:00 ] ::1 /bishe/Home/Index/publishing.html
INFO: [ app_init ] --START--
INFO: Run Behavior\BuildLiteBehavior [ RunTime:0.000037s ]
INFO: [ app_init ] --END-- [ RunTime:0.000994s ]
INFO: [ app_begin ] --START--
INFO: Run Behavior\ReadHtmlCacheBehavior [ RunTime:0.001229s ]
INFO: [ app_begin ] --END-- [ RunTime:0.001421s ]
SQL: SHOW COLUMNS FROM `publishing` [ RunTime:0.0526s ]

[ 2017-03-08T23:59:43+08:00 ] ::1 /bishe/Home/Index/publishing.html
INFO: [ app_init ] --START--
INFO: Run Behavior\BuildLiteBehavior [ RunTime:0.000043s ]
INFO: [ app_init ] --END-- [ RunTime:0.001249s ]
INFO: [ app_begin ] --START--
INFO: Run Behavior\ReadHtmlCacheBehavior [ RunTime:0.002823s ]
INFO: [ app_begin ] --END-- [ RunTime:0.003148s ]
SQL: SHOW COLUMNS FROM `publishing` [ RunTime:0.0078s ]

[ 2017-03-08T23:59:45+08:00 ] ::1 /bishe/Home/Index/publishing.html
INFO: [ app_init ] --START--
INFO: Run Behavior\BuildLiteBehavior [ RunTime:0.000037s ]
INFO: [ app_init ] --END-- [ RunTime:0.001226s ]
INFO: [ app_begin ] --START--
INFO: Run Behavior\ReadHtmlCacheBehavior [ RunTime:0.006973s ]
INFO: [ app_begin ] --END-- [ RunTime:0.007180s ]
INFO: [ view_parse ] --START--
INFO: [ template_filter ] --START--
INFO: Run Behavior\ContentReplaceBehavior [ RunTime:0.000182s ]
INFO: [ template_filter ] --END-- [ RunTime:0.000366s ]
INFO: Run Behavior\ParseTemplateBehavior [ RunTime:0.030319s ]
INFO: [ view_parse ] --END-- [ RunTime:0.030511s ]
INFO: [ view_filter ] --START--
INFO: Run Behavior\WriteHtmlCacheBehavior [ RunTime:0.002317s ]
INFO: [ view_filter ] --END-- [ RunTime:0.002479s ]
INFO: [ app_end ] --START--
INFO: Run Behavior\ShowPageTraceBehavior [ RunTime:0.005827s ]
INFO: [ app_end ] --END-- [ RunTime:0.006000s ]

[ 2017-03-08T23:59:50+08:00 ] ::1 /bishe/Home/Index/publishing.html
INFO: [ app_init ] --START--
INFO: Run Behavior\BuildLiteBehavior [ RunTime:0.000095s ]
INFO: [ app_init ] --END-- [ RunTime:0.001215s ]
INFO: [ app_begin ] --START--
INFO: Run Behavior\ReadHtmlCacheBehavior [ RunTime:0.002516s ]
INFO: [ app_begin ] --END-- [ RunTime:0.002704s ]
SQL: SHOW COLUMNS FROM `publishing` [ RunTime:0.0059s ]

