[ 2017-03-11T16:27:04+08:00 ] ::1 /bishe/Public/css/shortRent.css.map
INFO: [ app_init ] --START--
INFO: Run Behavior\BuildLiteBehavior [ RunTime:0.000039s ]
INFO: [ app_init ] --END-- [ RunTime:0.001512s ]
ERR: 无法加载模块:Public

[ 2017-03-11T16:27:04+08:00 ] ::1 /bishe/Public/css/bootstrap.css.map
INFO: [ app_init ] --START--
INFO: Run Behavior\BuildLiteBehavior [ RunTime:0.000039s ]
INFO: [ app_init ] --END-- [ RunTime:0.001605s ]
ERR: 无法加载模块:Public

[ 2017-03-11T16:27:04+08:00 ] ::1 /bishe/Public/css/ssi-uploader.min.css.map
INFO: [ app_init ] --START--
INFO: Run Behavior\BuildLiteBehavior [ RunTime:0.000039s ]
INFO: [ app_init ] --END-- [ RunTime:0.001714s ]
ERR: 无法加载模块:Public

[ 2017-03-11T16:27:43+08:00 ] ::1 /bishe/Public/css/bootstrap.css.map
INFO: [ app_init ] --START--
INFO: Run Behavior\BuildLiteBehavior [ RunTime:0.000039s ]
INFO: [ app_init ] --END-- [ RunTime:0.001589s ]
ERR: 无法加载模块:Public

[ 2017-03-11T16:27:43+08:00 ] ::1 /bishe/Public/css/ssi-uploader.min.css.map
INFO: [ app_init ] --START--
INFO: Run Behavior\BuildLiteBehavior [ RunTime:0.000057s ]
INFO: [ app_init ] --END-- [ RunTime:0.003387s ]
ERR: 无法加载模块:Public

[ 2017-03-11T16:27:43+08:00 ] ::1 /bishe/Public/css/shortRent.css.map
INFO: [ app_init ] --START--
INFO: Run Behavior\BuildLiteBehavior [ RunTime:0.000040s ]
INFO: [ app_init ] --END-- [ RunTime:0.000967s ]
ERR: 无法加载模块:Public

[ 2017-03-11T16:28:57+08:00 ] ::1 /bishe/Public/css/bootstrap.css.map
INFO: [ app_init ] --START--
INFO: Run Behavior\BuildLiteBehavior [ RunTime:0.000058s ]
INFO: [ app_init ] --END-- [ RunTime:0.000978s ]
ERR: 无法加载模块:Public

[ 2017-03-11T16:28:57+08:00 ] ::1 /bishe/Public/css/ssi-uploader.min.css.map
INFO: [ app_init ] --START--
INFO: Run Behavior\BuildLiteBehavior [ RunTime:0.000039s ]
INFO: [ app_init ] --END-- [ RunTime:0.001022s ]
ERR: 无法加载模块:Public

[ 2017-03-11T16:28:58+08:00 ] ::1 /bishe/Public/css/shortRent.css.map
INFO: [ app_init ] --START--
INFO: Run Behavior\BuildLiteBehavior [ RunTime:0.000039s ]
INFO: [ app_init ] --END-- [ RunTime:0.001473s ]
ERR: 无法加载模块:Public

[ 2017-03-11T16:31:05+08:00 ] ::1 /bishe/Public/css/bootstrap.css.map
INFO: [ app_init ] --START--
INFO: Run Behavior\BuildLiteBehavior [ RunTime:0.000040s ]
INFO: [ app_init ] --END-- [ RunTime:0.001131s ]
ERR: 无法加载模块:Public

[ 2017-03-11T16:31:05+08:00 ] ::1 /bishe/Public/css/ssi-uploader.min.css.map
INFO: [ app_init ] --START--
INFO: Run Behavior\BuildLiteBehavior [ RunTime:0.000040s ]
INFO: [ app_init ] --END-- [ RunTime:0.002149s ]
ERR: 无法加载模块:Public

[ 2017-03-11T16:31:05+08:00 ] ::1 /bishe/Public/css/shortRent.css.map
INFO: [ app_init ] --START--
INFO: Run Behavior\BuildLiteBehavior [ RunTime:0.000042s ]
INFO: [ app_init ] --END-- [ RunTime:0.001067s ]
ERR: 无法加载模块:Public

[ 2017-03-11T16:33:23+08:00 ] ::1 /bishe/Public/css/bootstrap.css.map
INFO: [ app_init ] --START--
INFO: Run Behavior\BuildLiteBehavior [ RunTime:0.000043s ]
INFO: [ app_init ] --END-- [ RunTime:0.001071s ]
ERR: 无法加载模块:Public

[ 2017-03-11T16:33:24+08:00 ] ::1 /bishe/Public/css/shortRent.css.map
INFO: [ app_init ] --START--
INFO: Run Behavior\BuildLiteBehavior [ RunTime:0.000039s ]
INFO: [ app_init ] --END-- [ RunTime:0.001007s ]
ERR: 无法加载模块:Public

[ 2017-03-11T16:33:24+08:00 ] ::1 /bishe/Public/css/ssi-uploader.min.css.map
INFO: [ app_init ] --START--
INFO: Run Behavior\BuildLiteBehavior [ RunTime:0.000037s ]
INFO: [ app_init ] --END-- [ RunTime:0.001114s ]
ERR: 无法加载模块:Public

[ 2017-03-11T16:36:06+08:00 ] ::1 /bishe/Public/css/bootstrap.css.map
INFO: [ app_init ] --START--
INFO: Run Behavior\BuildLiteBehavior [ RunTime:0.000039s ]
INFO: [ app_init ] --END-- [ RunTime:0.000919s ]
ERR: 无法加载模块:Public

[ 2017-03-11T16:36:06+08:00 ] ::1 /bishe/Public/css/ssi-uploader.min.css.map
INFO: [ app_init ] --START--
INFO: Run Behavior\BuildLiteBehavior [ RunTime:0.000037s ]
INFO: [ app_init ] --END-- [ RunTime:0.000989s ]
ERR: 无法加载模块:Public

[ 2017-03-11T16:36:06+08:00 ] ::1 /bishe/Public/css/shortRent.css.map
INFO: [ app_init ] --START--
INFO: Run Behavior\BuildLiteBehavior [ RunTime:0.000041s ]
INFO: [ app_init ] --END-- [ RunTime:0.001139s ]
ERR: 无法加载模块:Public

[ 2017-03-11T16:38:42+08:00 ] ::1 /bishe/Public/css/bootstrap.css.map
INFO: [ app_init ] --START--
INFO: Run Behavior\BuildLiteBehavior [ RunTime:0.000041s ]
INFO: [ app_init ] --END-- [ RunTime:0.042548s ]
ERR: 无法加载模块:Public

[ 2017-03-11T16:38:42+08:00 ] ::1 /bishe/Public/css/ssi-uploader.min.css.map
INFO: [ app_init ] --START--
INFO: Run Behavior\BuildLiteBehavior [ RunTime:0.000057s ]
INFO: [ app_init ] --END-- [ RunTime:0.001597s ]
ERR: 无法加载模块:Public

[ 2017-03-11T16:38:42+08:00 ] ::1 /bishe/Public/css/shortRent.css.map
INFO: [ app_init ] --START--
INFO: Run Behavior\BuildLiteBehavior [ RunTime:0.000041s ]
INFO: [ app_init ] --END-- [ RunTime:0.002265s ]
ERR: 无法加载模块:Public

[ 2017-03-11T16:38:44+08:00 ] ::1 /bishe/Public/css/bootstrap.css.map
INFO: [ app_init ] --START--
INFO: Run Behavior\BuildLiteBehavior [ RunTime:0.000040s ]
INFO: [ app_init ] --END-- [ RunTime:0.001308s ]
ERR: 无法加载模块:Public

[ 2017-03-11T16:38:44+08:00 ] ::1 /bishe/Public/css/shortRent.css.map
INFO: [ app_init ] --START--
INFO: Run Behavior\BuildLiteBehavior [ RunTime:0.000152s ]
INFO: [ app_init ] --END-- [ RunTime:0.000989s ]
ERR: 无法加载模块:Public

[ 2017-03-11T16:38:44+08:00 ] ::1 /bishe/Public/css/ssi-uploader.min.css.map
INFO: [ app_init ] --START--
INFO: Run Behavior\BuildLiteBehavior [ RunTime:0.000283s ]
INFO: [ app_init ] --END-- [ RunTime:0.001429s ]
ERR: 无法加载模块:Public

[ 2017-03-11T16:39:59+08:00 ] ::1 /bishe/Public/css/bootstrap.css.map
INFO: [ app_init ] --START--
INFO: Run Behavior\BuildLiteBehavior [ RunTime:0.000041s ]
INFO: [ app_init ] --END-- [ RunTime:0.001314s ]
ERR: 无法加载模块:Public

[ 2017-03-11T16:40:00+08:00 ] ::1 /bishe/Public/css/ssi-uploader.min.css.map
INFO: [ app_init ] --START--
INFO: Run Behavior\BuildLiteBehavior [ RunTime:0.000039s ]
INFO: [ app_init ] --END-- [ RunTime:0.001105s ]
ERR: 无法加载模块:Public

[ 2017-03-11T16:40:00+08:00 ] ::1 /bishe/Public/css/shortRent.css.map
INFO: [ app_init ] --START--
INFO: Run Behavior\BuildLiteBehavior [ RunTime:0.000042s ]
INFO: [ app_init ] --END-- [ RunTime:0.001392s ]
ERR: 无法加载模块:Public

[ 2017-03-11T16:42:56+08:00 ] ::1 /bishe/Public/css/bootstrap.css.map
INFO: [ app_init ] --START--
INFO: Run Behavior\BuildLiteBehavior [ RunTime:0.000050s ]
INFO: [ app_init ] --END-- [ RunTime:0.000942s ]
ERR: 无法加载模块:Public

[ 2017-03-11T16:42:56+08:00 ] ::1 /bishe/Public/css/ssi-uploader.min.css.map
INFO: [ app_init ] --START--
INFO: Run Behavior\BuildLiteBehavior [ RunTime:0.000042s ]
INFO: [ app_init ] --END-- [ RunTime:0.001938s ]
ERR: 无法加载模块:Public

[ 2017-03-11T16:42:57+08:00 ] ::1 /bishe/Public/css/shortRent.css.map
INFO: [ app_init ] --START--
INFO: Run Behavior\BuildLiteBehavior [ RunTime:0.000041s ]
INFO: [ app_init ] --END-- [ RunTime:0.002999s ]
ERR: 无法加载模块:Public

[ 2017-03-11T16:50:52+08:00 ] ::1 /bishe/Public/css/bootstrap.css.map
INFO: [ app_init ] --START--
INFO: Run Behavior\BuildLiteBehavior [ RunTime:0.000040s ]
INFO: [ app_init ] --END-- [ RunTime:0.000952s ]
ERR: 无法加载模块:Public

[ 2017-03-11T16:50:53+08:00 ] ::1 /bishe/Public/css/shortRent.css.map
INFO: [ app_init ] --START--
INFO: Run Behavior\BuildLiteBehavior [ RunTime:0.000039s ]
INFO: [ app_init ] --END-- [ RunTime:0.001057s ]
ERR: 无法加载模块:Public

[ 2017-03-11T16:50:53+08:00 ] ::1 /bishe/Public/css/ssi-uploader.min.css.map
INFO: [ app_init ] --START--
INFO: Run Behavior\BuildLiteBehavior [ RunTime:0.000038s ]
INFO: [ app_init ] --END-- [ RunTime:0.000946s ]
ERR: 无法加载模块:Public

[ 2017-03-11T16:53:20+08:00 ] ::1 /bishe/Public/css/bootstrap.css.map
INFO: [ app_init ] --START--
INFO: Run Behavior\BuildLiteBehavior [ RunTime:0.000036s ]
INFO: [ app_init ] --END-- [ RunTime:0.000946s ]
ERR: 无法加载模块:Public

[ 2017-03-11T16:53:20+08:00 ] ::1 /bishe/Public/css/ssi-uploader.min.css.map
INFO: [ app_init ] --START--
INFO: Run Behavior\BuildLiteBehavior [ RunTime:0.000037s ]
INFO: [ app_init ] --END-- [ RunTime:0.000980s ]
ERR: 无法加载模块:Public

[ 2017-03-11T16:53:21+08:00 ] ::1 /bishe/Public/css/shortRent.css.map
INFO: [ app_init ] --START--
INFO: Run Behavior\BuildLiteBehavior [ RunTime:0.000041s ]
INFO: [ app_init ] --END-- [ RunTime:0.010590s ]
ERR: 无法加载模块:Public

[ 2017-03-11T16:53:30+08:00 ] ::1 /bishe/Public/css/bootstrap.css.map
INFO: [ app_init ] --START--
INFO: Run Behavior\BuildLiteBehavior [ RunTime:0.000038s ]
INFO: [ app_init ] --END-- [ RunTime:0.001125s ]
ERR: 无法加载模块:Public

[ 2017-03-11T16:53:31+08:00 ] ::1 /bishe/Public/css/ssi-uploader.min.css.map
INFO: [ app_init ] --START--
INFO: Run Behavior\BuildLiteBehavior [ RunTime:0.000039s ]
INFO: [ app_init ] --END-- [ RunTime:0.000978s ]
ERR: 无法加载模块:Public

[ 2017-03-11T16:53:31+08:00 ] ::1 /bishe/Public/css/shortRent.css.map
INFO: [ app_init ] --START--
INFO: Run Behavior\BuildLiteBehavior [ RunTime:0.000040s ]
INFO: [ app_init ] --END-- [ RunTime:0.001137s ]
ERR: 无法加载模块:Public

[ 2017-03-11T20:28:15+08:00 ] ::1 /bishe/Public/css/ssi-uploader.min.css.map
INFO: [ app_init ] --START--
INFO: Run Behavior\BuildLiteBehavior [ RunTime:0.000085s ]
INFO: [ app_init ] --END-- [ RunTime:0.072323s ]
ERR: 无法加载模块:Public

[ 2017-03-11T20:28:15+08:00 ] ::1 /bishe/Public/css/bootstrap.css.map
INFO: [ app_init ] --START--
INFO: Run Behavior\BuildLiteBehavior [ RunTime:0.000037s ]
INFO: [ app_init ] --END-- [ RunTime:0.061974s ]
ERR: 无法加载模块:Public

[ 2017-03-11T20:28:15+08:00 ] ::1 /bishe/Public/css/shortRent.css.map
INFO: [ app_init ] --START--
INFO: Run Behavior\BuildLiteBehavior [ RunTime:0.000047s ]
INFO: [ app_init ] --END-- [ RunTime:0.063742s ]
ERR: 无法加载模块:Public

[ 2017-03-11T20:48:01+08:00 ] ::1 /bishe/Public/css/shortRent.css.map
INFO: [ app_init ] --START--
INFO: Run Behavior\BuildLiteBehavior [ RunTime:0.000042s ]
INFO: [ app_init ] --END-- [ RunTime:0.001868s ]
ERR: 无法加载模块:Public

[ 2017-03-11T20:48:02+08:00 ] ::1 /bishe/Public/css/bootstrap.css.map
INFO: [ app_init ] --START--
INFO: Run Behavior\BuildLiteBehavior [ RunTime:0.000038s ]
INFO: [ app_init ] --END-- [ RunTime:0.001223s ]
ERR: 无法加载模块:Public

[ 2017-03-11T20:48:02+08:00 ] ::1 /bishe/Public/css/ssi-uploader.min.css.map
INFO: [ app_init ] --START--
INFO: Run Behavior\BuildLiteBehavior [ RunTime:0.000037s ]
INFO: [ app_init ] --END-- [ RunTime:0.001320s ]
ERR: 无法加载模块:Public

[ 2017-03-11T20:49:13+08:00 ] ::1 /bishe/Public/css/bootstrap.css.map
INFO: [ app_init ] --START--
INFO: Run Behavior\BuildLiteBehavior [ RunTime:0.000040s ]
INFO: [ app_init ] --END-- [ RunTime:0.001207s ]
ERR: 无法加载模块:Public

[ 2017-03-11T20:49:13+08:00 ] ::1 /bishe/Public/css/ssi-uploader.min.css.map
INFO: [ app_init ] --START--
INFO: Run Behavior\BuildLiteBehavior [ RunTime:0.000041s ]
INFO: [ app_init ] --END-- [ RunTime:0.001480s ]
ERR: 无法加载模块:Public

[ 2017-03-11T20:49:13+08:00 ] ::1 /bishe/Public/css/shortRent.css.map
INFO: [ app_init ] --START--
INFO: Run Behavior\BuildLiteBehavior [ RunTime:0.000039s ]
INFO: [ app_init ] --END-- [ RunTime:0.001191s ]
ERR: 无法加载模块:Public

[ 2017-03-11T20:50:30+08:00 ] ::1 /bishe/Public/css/bootstrap.css.map
INFO: [ app_init ] --START--
INFO: Run Behavior\BuildLiteBehavior [ RunTime:0.000042s ]
INFO: [ app_init ] --END-- [ RunTime:0.001626s ]
ERR: 无法加载模块:Public

[ 2017-03-11T20:50:30+08:00 ] ::1 /bishe/Public/css/ssi-uploader.min.css.map
INFO: [ app_init ] --START--
INFO: Run Behavior\BuildLiteBehavior [ RunTime:0.000039s ]
INFO: [ app_init ] --END-- [ RunTime:0.000936s ]
ERR: 无法加载模块:Public

[ 2017-03-11T20:50:30+08:00 ] ::1 /bishe/Public/css/shortRent.css.map
INFO: [ app_init ] --START--
INFO: Run Behavior\BuildLiteBehavior [ RunTime:0.000043s ]
INFO: [ app_init ] --END-- [ RunTime:0.004231s ]
ERR: 无法加载模块:Public

[ 2017-03-11T20:50:44+08:00 ] ::1 /bishe/Public/css/bootstrap.css.map
INFO: [ app_init ] --START--
INFO: Run Behavior\BuildLiteBehavior [ RunTime:0.000040s ]
INFO: [ app_init ] --END-- [ RunTime:0.001121s ]
ERR: 无法加载模块:Public

[ 2017-03-11T20:50:44+08:00 ] ::1 /bishe/Public/css/ssi-uploader.min.css.map
INFO: [ app_init ] --START--
INFO: Run Behavior\BuildLiteBehavior [ RunTime:0.000037s ]
INFO: [ app_init ] --END-- [ RunTime:0.000966s ]
ERR: 无法加载模块:Public

[ 2017-03-11T20:50:44+08:00 ] ::1 /bishe/Public/css/shortRent.css.map
INFO: [ app_init ] --START--
INFO: Run Behavior\BuildLiteBehavior [ RunTime:0.000041s ]
INFO: [ app_init ] --END-- [ RunTime:0.001496s ]
ERR: 无法加载模块:Public

[ 2017-03-11T20:51:27+08:00 ] ::1 /bishe/Public/css/bootstrap.css.map
INFO: [ app_init ] --START--
INFO: Run Behavior\BuildLiteBehavior [ RunTime:0.000048s ]
INFO: [ app_init ] --END-- [ RunTime:0.001309s ]
ERR: 无法加载模块:Public

[ 2017-03-11T20:51:27+08:00 ] ::1 /bishe/Public/css/shortRent.css.map
INFO: [ app_init ] --START--
INFO: Run Behavior\BuildLiteBehavior [ RunTime:0.000044s ]
INFO: [ app_init ] --END-- [ RunTime:0.001070s ]
ERR: 无法加载模块:Public

[ 2017-03-11T20:51:27+08:00 ] ::1 /bishe/Public/css/ssi-uploader.min.css.map
INFO: [ app_init ] --START--
INFO: Run Behavior\BuildLiteBehavior [ RunTime:0.000042s ]
INFO: [ app_init ] --END-- [ RunTime:0.001424s ]
ERR: 无法加载模块:Public

[ 2017-03-11T20:55:31+08:00 ] ::1 /bishe/Public/css/bootstrap.css.map
INFO: [ app_init ] --START--
INFO: Run Behavior\BuildLiteBehavior [ RunTime:0.000039s ]
INFO: [ app_init ] --END-- [ RunTime:0.000950s ]
ERR: 无法加载模块:Public

[ 2017-03-11T20:55:31+08:00 ] ::1 /bishe/Public/css/shortRent.css.map
INFO: [ app_init ] --START--
INFO: Run Behavior\BuildLiteBehavior [ RunTime:0.000041s ]
INFO: [ app_init ] --END-- [ RunTime:0.001303s ]
ERR: 无法加载模块:Public

[ 2017-03-11T20:55:31+08:00 ] ::1 /bishe/Public/css/ssi-uploader.min.css.map
INFO: [ app_init ] --START--
INFO: Run Behavior\BuildLiteBehavior [ RunTime:0.000036s ]
INFO: [ app_init ] --END-- [ RunTime:0.000991s ]
ERR: 无法加载模块:Public

[ 2017-03-11T20:56:05+08:00 ] ::1 /bishe/Public/css/bootstrap.css.map
INFO: [ app_init ] --START--
INFO: Run Behavior\BuildLiteBehavior [ RunTime:0.000039s ]
INFO: [ app_init ] --END-- [ RunTime:0.001031s ]
ERR: 无法加载模块:Public

[ 2017-03-11T20:56:05+08:00 ] ::1 /bishe/Public/css/ssi-uploader.min.css.map
INFO: [ app_init ] --START--
INFO: Run Behavior\BuildLiteBehavior [ RunTime:0.000039s ]
INFO: [ app_init ] --END-- [ RunTime:0.001028s ]
ERR: 无法加载模块:Public

[ 2017-03-11T20:56:05+08:00 ] ::1 /bishe/Public/css/shortRent.css.map
INFO: [ app_init ] --START--
INFO: Run Behavior\BuildLiteBehavior [ RunTime:0.000048s ]
INFO: [ app_init ] --END-- [ RunTime:0.002259s ]
ERR: 无法加载模块:Public

[ 2017-03-11T20:56:53+08:00 ] ::1 /bishe/Public/css/bootstrap.css.map
INFO: [ app_init ] --START--
INFO: Run Behavior\BuildLiteBehavior [ RunTime:0.000040s ]
INFO: [ app_init ] --END-- [ RunTime:0.000948s ]
ERR: 无法加载模块:Public

[ 2017-03-11T20:56:53+08:00 ] ::1 /bishe/Public/css/ssi-uploader.min.css.map
INFO: [ app_init ] --START--
INFO: Run Behavior\BuildLiteBehavior [ RunTime:0.000040s ]
INFO: [ app_init ] --END-- [ RunTime:0.000870s ]
ERR: 无法加载模块:Public

[ 2017-03-11T20:56:53+08:00 ] ::1 /bishe/Public/css/shortRent.css.map
INFO: [ app_init ] --START--
INFO: Run Behavior\BuildLiteBehavior [ RunTime:0.000039s ]
INFO: [ app_init ] --END-- [ RunTime:0.000916s ]
ERR: 无法加载模块:Public

[ 2017-03-11T21:06:29+08:00 ] ::1 /bishe/Public/css/bootstrap.css.map
INFO: [ app_init ] --START--
INFO: Run Behavior\BuildLiteBehavior [ RunTime:0.000056s ]
INFO: [ app_init ] --END-- [ RunTime:0.001788s ]
ERR: 无法加载模块:Public

[ 2017-03-11T21:06:30+08:00 ] ::1 /bishe/Public/css/ssi-uploader.min.css.map
INFO: [ app_init ] --START--
INFO: Run Behavior\BuildLiteBehavior [ RunTime:0.000040s ]
INFO: [ app_init ] --END-- [ RunTime:0.001527s ]
ERR: 无法加载模块:Public

[ 2017-03-11T21:06:30+08:00 ] ::1 /bishe/Public/css/shortRent.css.map
INFO: [ app_init ] --START--
INFO: Run Behavior\BuildLiteBehavior [ RunTime:0.000041s ]
INFO: [ app_init ] --END-- [ RunTime:0.003146s ]
ERR: 无法加载模块:Public

[ 2017-03-11T21:07:03+08:00 ] ::1 /bishe/Public/css/bootstrap.css.map
INFO: [ app_init ] --START--
INFO: Run Behavior\BuildLiteBehavior [ RunTime:0.000042s ]
INFO: [ app_init ] --END-- [ RunTime:0.001159s ]
ERR: 无法加载模块:Public

[ 2017-03-11T21:07:03+08:00 ] ::1 /bishe/Public/css/ssi-uploader.min.css.map
INFO: [ app_init ] --START--
INFO: Run Behavior\BuildLiteBehavior [ RunTime:0.000047s ]
INFO: [ app_init ] --END-- [ RunTime:0.001935s ]
ERR: 无法加载模块:Public

[ 2017-03-11T21:07:03+08:00 ] ::1 /bishe/Public/css/shortRent.css.map
INFO: [ app_init ] --START--
INFO: Run Behavior\BuildLiteBehavior [ RunTime:0.000037s ]
INFO: [ app_init ] --END-- [ RunTime:0.001008s ]
ERR: 无法加载模块:Public

[ 2017-03-11T21:10:04+08:00 ] ::1 /bishe/Public/css/bootstrap.css.map
INFO: [ app_init ] --START--
INFO: Run Behavior\BuildLiteBehavior [ RunTime:0.000040s ]
INFO: [ app_init ] --END-- [ RunTime:0.001190s ]
ERR: 无法加载模块:Public

[ 2017-03-11T21:10:05+08:00 ] ::1 /bishe/Public/css/ssi-uploader.min.css.map
INFO: [ app_init ] --START--
INFO: Run Behavior\BuildLiteBehavior [ RunTime:0.000040s ]
INFO: [ app_init ] --END-- [ RunTime:0.001010s ]
ERR: 无法加载模块:Public

[ 2017-03-11T21:10:05+08:00 ] ::1 /bishe/Public/css/shortRent.css.map
INFO: [ app_init ] --START--
INFO: Run Behavior\BuildLiteBehavior [ RunTime:0.000039s ]
INFO: [ app_init ] --END-- [ RunTime:0.007195s ]
ERR: 无法加载模块:Public

[ 2017-03-11T21:12:02+08:00 ] ::1 /bishe/Public/css/bootstrap.css.map
INFO: [ app_init ] --START--
INFO: Run Behavior\BuildLiteBehavior [ RunTime:0.000039s ]
INFO: [ app_init ] --END-- [ RunTime:0.000923s ]
ERR: 无法加载模块:Public

[ 2017-03-11T21:12:02+08:00 ] ::1 /bishe/Public/css/ssi-uploader.min.css.map
INFO: [ app_init ] --START--
INFO: Run Behavior\BuildLiteBehavior [ RunTime:0.000176s ]
INFO: [ app_init ] --END-- [ RunTime:0.001303s ]
ERR: 无法加载模块:Public

[ 2017-03-11T21:12:02+08:00 ] ::1 /bishe/Public/css/shortRent.css.map
INFO: [ app_init ] --START--
INFO: Run Behavior\BuildLiteBehavior [ RunTime:0.000041s ]
INFO: [ app_init ] --END-- [ RunTime:0.001540s ]
ERR: 无法加载模块:Public

[ 2017-03-11T21:14:44+08:00 ] ::1 /bishe/Public/css/bootstrap.css.map
INFO: [ app_init ] --START--
INFO: Run Behavior\BuildLiteBehavior [ RunTime:0.000067s ]
INFO: [ app_init ] --END-- [ RunTime:0.001729s ]
ERR: 无法加载模块:Public

[ 2017-03-11T21:14:44+08:00 ] ::1 /bishe/Public/css/ssi-uploader.min.css.map
INFO: [ app_init ] --START--
INFO: Run Behavior\BuildLiteBehavior [ RunTime:0.000043s ]
INFO: [ app_init ] --END-- [ RunTime:0.001518s ]
ERR: 无法加载模块:Public

[ 2017-03-11T21:14:44+08:00 ] ::1 /bishe/Public/css/shortRent.css.map
INFO: [ app_init ] --START--
INFO: Run Behavior\BuildLiteBehavior [ RunTime:0.000039s ]
INFO: [ app_init ] --END-- [ RunTime:0.001077s ]
ERR: 无法加载模块:Public

[ 2017-03-11T21:16:54+08:00 ] ::1 /bishe/Public/css/bootstrap.css.map
INFO: [ app_init ] --START--
INFO: Run Behavior\BuildLiteBehavior [ RunTime:0.000040s ]
INFO: [ app_init ] --END-- [ RunTime:0.003206s ]
ERR: 无法加载模块:Public

[ 2017-03-11T21:16:55+08:00 ] ::1 /bishe/Public/css/ssi-uploader.min.css.map
INFO: [ app_init ] --START--
INFO: Run Behavior\BuildLiteBehavior [ RunTime:0.000040s ]
INFO: [ app_init ] --END-- [ RunTime:0.001140s ]
ERR: 无法加载模块:Public

[ 2017-03-11T21:16:55+08:00 ] ::1 /bishe/Public/css/shortRent.css.map
INFO: [ app_init ] --START--
INFO: Run Behavior\BuildLiteBehavior [ RunTime:0.000041s ]
INFO: [ app_init ] --END-- [ RunTime:0.001275s ]
ERR: 无法加载模块:Public

[ 2017-03-11T21:57:12+08:00 ] ::1 /bishe/Public/css/ssi-uploader.min.css.map
INFO: [ app_init ] --START--
INFO: Run Behavior\BuildLiteBehavior [ RunTime:0.000041s ]
INFO: [ app_init ] --END-- [ RunTime:0.001334s ]
ERR: 无法加载模块:Public

[ 2017-03-11T21:57:12+08:00 ] ::1 /bishe/Public/css/bootstrap.css.map
INFO: [ app_init ] --START--
INFO: Run Behavior\BuildLiteBehavior [ RunTime:0.000040s ]
INFO: [ app_init ] --END-- [ RunTime:0.001066s ]
ERR: 无法加载模块:Public

[ 2017-03-11T21:57:12+08:00 ] ::1 /bishe/Public/css/shortRent.css.map
INFO: [ app_init ] --START--
INFO: Run Behavior\BuildLiteBehavior [ RunTime:0.000042s ]
INFO: [ app_init ] --END-- [ RunTime:0.001361s ]
ERR: 无法加载模块:Public

[ 2017-03-11T23:33:56+08:00 ] ::1 /bishe/Public/css/bootstrap.css.map
INFO: [ app_init ] --START--
INFO: Run Behavior\BuildLiteBehavior [ RunTime:0.000039s ]
INFO: [ app_init ] --END-- [ RunTime:0.000853s ]
ERR: 无法加载模块:Public

[ 2017-03-11T23:33:56+08:00 ] ::1 /bishe/Public/css/shortRent.css.map
INFO: [ app_init ] --START--
INFO: Run Behavior\BuildLiteBehavior [ RunTime:0.000040s ]
INFO: [ app_init ] --END-- [ RunTime:0.000994s ]
ERR: 无法加载模块:Public

[ 2017-03-11T23:33:56+08:00 ] ::1 /bishe/Public/css/ssi-uploader.min.css.map
INFO: [ app_init ] --START--
INFO: Run Behavior\BuildLiteBehavior [ RunTime:0.000040s ]
INFO: [ app_init ] --END-- [ RunTime:0.001601s ]
ERR: 无法加载模块:Public

[ 2017-03-11T23:47:53+08:00 ] ::1 /bishe/Public/css/bootstrap.css.map
INFO: [ app_init ] --START--
INFO: Run Behavior\BuildLiteBehavior [ RunTime:0.000042s ]
INFO: [ app_init ] --END-- [ RunTime:0.001127s ]
ERR: 无法加载模块:Public

[ 2017-03-11T23:47:54+08:00 ] ::1 /bishe/Public/css/shortRent.css.map
INFO: [ app_init ] --START--
INFO: Run Behavior\BuildLiteBehavior [ RunTime:0.000043s ]
INFO: [ app_init ] --END-- [ RunTime:0.015752s ]
ERR: 无法加载模块:Public

[ 2017-03-11T23:47:54+08:00 ] ::1 /bishe/Public/css/ssi-uploader.min.css.map
INFO: [ app_init ] --START--
INFO: Run Behavior\BuildLiteBehavior [ RunTime:0.000038s ]
INFO: [ app_init ] --END-- [ RunTime:0.000953s ]
ERR: 无法加载模块:Public

[ 2017-03-11T23:49:03+08:00 ] ::1 /bishe/Public/css/bootstrap.css.map
INFO: [ app_init ] --START--
INFO: Run Behavior\BuildLiteBehavior [ RunTime:0.000041s ]
INFO: [ app_init ] --END-- [ RunTime:0.001551s ]
ERR: 无法加载模块:Public

[ 2017-03-11T23:49:03+08:00 ] ::1 /bishe/Public/css/ssi-uploader.min.css.map
INFO: [ app_init ] --START--
INFO: Run Behavior\BuildLiteBehavior [ RunTime:0.000036s ]
INFO: [ app_init ] --END-- [ RunTime:0.000860s ]
ERR: 无法加载模块:Public

[ 2017-03-11T23:49:03+08:00 ] ::1 /bishe/Public/css/shortRent.css.map
INFO: [ app_init ] --START--
INFO: Run Behavior\BuildLiteBehavior [ RunTime:0.000041s ]
INFO: [ app_init ] --END-- [ RunTime:0.002612s ]
ERR: 无法加载模块:Public

[ 2017-03-11T23:49:29+08:00 ] ::1 /bishe/Public/css/bootstrap.css.map
INFO: [ app_init ] --START--
INFO: Run Behavior\BuildLiteBehavior [ RunTime:0.000039s ]
INFO: [ app_init ] --END-- [ RunTime:0.001116s ]
ERR: 无法加载模块:Public

[ 2017-03-11T23:49:29+08:00 ] ::1 /bishe/Public/css/ssi-uploader.min.css.map
INFO: [ app_init ] --START--
INFO: Run Behavior\BuildLiteBehavior [ RunTime:0.000041s ]
INFO: [ app_init ] --END-- [ RunTime:0.001610s ]
ERR: 无法加载模块:Public

[ 2017-03-11T23:49:29+08:00 ] ::1 /bishe/Public/css/shortRent.css.map
INFO: [ app_init ] --START--
INFO: Run Behavior\BuildLiteBehavior [ RunTime:0.000042s ]
INFO: [ app_init ] --END-- [ RunTime:0.001171s ]
ERR: 无法加载模块:Public

[ 2017-03-11T23:49:53+08:00 ] ::1 /bishe/Public/css/bootstrap.css.map
INFO: [ app_init ] --START--
INFO: Run Behavior\BuildLiteBehavior [ RunTime:0.000057s ]
INFO: [ app_init ] --END-- [ RunTime:0.001541s ]
ERR: 无法加载模块:Public

[ 2017-03-11T23:49:53+08:00 ] ::1 /bishe/Public/css/shortRent.css.map
INFO: [ app_init ] --START--
INFO: Run Behavior\BuildLiteBehavior [ RunTime:0.000071s ]
INFO: [ app_init ] --END-- [ RunTime:0.001146s ]
ERR: 无法加载模块:Public

[ 2017-03-11T23:49:53+08:00 ] ::1 /bishe/Public/css/ssi-uploader.min.css.map
INFO: [ app_init ] --START--
INFO: Run Behavior\BuildLiteBehavior [ RunTime:0.000035s ]
INFO: [ app_init ] --END-- [ RunTime:0.001011s ]
ERR: 无法加载模块:Public

[ 2017-03-11T23:50:35+08:00 ] ::1 /bishe/Public/css/bootstrap.css.map
INFO: [ app_init ] --START--
INFO: Run Behavior\BuildLiteBehavior [ RunTime:0.000040s ]
INFO: [ app_init ] --END-- [ RunTime:0.001108s ]
ERR: 无法加载模块:Public

[ 2017-03-11T23:50:35+08:00 ] ::1 /bishe/Public/css/shortRent.css.map
INFO: [ app_init ] --START--
INFO: Run Behavior\BuildLiteBehavior [ RunTime:0.000037s ]
INFO: [ app_init ] --END-- [ RunTime:0.001735s ]
ERR: 无法加载模块:Public

[ 2017-03-11T23:50:35+08:00 ] ::1 /bishe/Public/css/ssi-uploader.min.css.map
INFO: [ app_init ] --START--
INFO: Run Behavior\BuildLiteBehavior [ RunTime:0.000058s ]
INFO: [ app_init ] --END-- [ RunTime:0.003649s ]
ERR: 无法加载模块:Public

[ 2017-03-11T23:51:16+08:00 ] ::1 /bishe/Public/css/bootstrap.css.map
INFO: [ app_init ] --START--
INFO: Run Behavior\BuildLiteBehavior [ RunTime:0.000042s ]
INFO: [ app_init ] --END-- [ RunTime:0.001068s ]
ERR: 无法加载模块:Public

[ 2017-03-11T23:51:16+08:00 ] ::1 /bishe/Public/css/shortRent.css.map
INFO: [ app_init ] --START--
INFO: Run Behavior\BuildLiteBehavior [ RunTime:0.000039s ]
INFO: [ app_init ] --END-- [ RunTime:0.001565s ]
ERR: 无法加载模块:Public

[ 2017-03-11T23:51:16+08:00 ] ::1 /bishe/Public/css/ssi-uploader.min.css.map
INFO: [ app_init ] --START--
INFO: Run Behavior\BuildLiteBehavior [ RunTime:0.000039s ]
INFO: [ app_init ] --END-- [ RunTime:0.000914s ]
ERR: 无法加载模块:Public

[ 2017-03-11T23:53:01+08:00 ] ::1 /bishe/Public/css/bootstrap.css.map
INFO: [ app_init ] --START--
INFO: Run Behavior\BuildLiteBehavior [ RunTime:0.000040s ]
INFO: [ app_init ] --END-- [ RunTime:0.001616s ]
ERR: 无法加载模块:Public

[ 2017-03-11T23:53:01+08:00 ] ::1 /bishe/Public/css/ssi-uploader.min.css.map
INFO: [ app_init ] --START--
INFO: Run Behavior\BuildLiteBehavior [ RunTime:0.000041s ]
INFO: [ app_init ] --END-- [ RunTime:0.004911s ]
ERR: 无法加载模块:Public

[ 2017-03-11T23:53:01+08:00 ] ::1 /bishe/Public/css/shortRent.css.map
INFO: [ app_init ] --START--
INFO: Run Behavior\BuildLiteBehavior [ RunTime:0.000081s ]
INFO: [ app_init ] --END-- [ RunTime:0.001222s ]
ERR: 无法加载模块:Public

[ 2017-03-11T23:53:30+08:00 ] ::1 /bishe/Public/css/bootstrap.css.map
INFO: [ app_init ] --START--
INFO: Run Behavior\BuildLiteBehavior [ RunTime:0.000043s ]
INFO: [ app_init ] --END-- [ RunTime:0.000924s ]
ERR: 无法加载模块:Public

[ 2017-03-11T23:53:30+08:00 ] ::1 /bishe/Public/css/shortRent.css.map
INFO: [ app_init ] --START--
INFO: Run Behavior\BuildLiteBehavior [ RunTime:0.000041s ]
INFO: [ app_init ] --END-- [ RunTime:0.001141s ]
ERR: 无法加载模块:Public

[ 2017-03-11T23:53:30+08:00 ] ::1 /bishe/Public/css/ssi-uploader.min.css.map
INFO: [ app_init ] --START--
INFO: Run Behavior\BuildLiteBehavior [ RunTime:0.000042s ]
INFO: [ app_init ] --END-- [ RunTime:0.001529s ]
ERR: 无法加载模块:Public

[ 2017-03-11T23:55:30+08:00 ] ::1 /bishe/Public/css/bootstrap.css.map
INFO: [ app_init ] --START--
INFO: Run Behavior\BuildLiteBehavior [ RunTime:0.000040s ]
INFO: [ app_init ] --END-- [ RunTime:0.001243s ]
ERR: 无法加载模块:Public

[ 2017-03-11T23:55:30+08:00 ] ::1 /bishe/Public/css/ssi-uploader.min.css.map
INFO: [ app_init ] --START--
INFO: Run Behavior\BuildLiteBehavior [ RunTime:0.000040s ]
INFO: [ app_init ] --END-- [ RunTime:0.001231s ]
ERR: 无法加载模块:Public

[ 2017-03-11T23:55:30+08:00 ] ::1 /bishe/Public/css/shortRent.css.map
INFO: [ app_init ] --START--
INFO: Run Behavior\BuildLiteBehavior [ RunTime:0.000046s ]
INFO: [ app_init ] --END-- [ RunTime:0.001030s ]
ERR: 无法加载模块:Public

[ 2017-03-11T23:55:54+08:00 ] ::1 /bishe/Public/css/bootstrap.css.map
INFO: [ app_init ] --START--
INFO: Run Behavior\BuildLiteBehavior [ RunTime:0.000043s ]
INFO: [ app_init ] --END-- [ RunTime:0.001096s ]
ERR: 无法加载模块:Public

[ 2017-03-11T23:55:54+08:00 ] ::1 /bishe/Public/css/ssi-uploader.min.css.map
INFO: [ app_init ] --START--
INFO: Run Behavior\BuildLiteBehavior [ RunTime:0.000041s ]
INFO: [ app_init ] --END-- [ RunTime:0.008306s ]
ERR: 无法加载模块:Public

[ 2017-03-11T23:55:54+08:00 ] ::1 /bishe/Public/css/shortRent.css.map
INFO: [ app_init ] --START--
INFO: Run Behavior\BuildLiteBehavior [ RunTime:0.000042s ]
INFO: [ app_init ] --END-- [ RunTime:0.001092s ]
ERR: 无法加载模块:Public

[ 2017-03-11T23:57:06+08:00 ] ::1 /bishe/Public/css/bootstrap.css.map
INFO: [ app_init ] --START--
INFO: Run Behavior\BuildLiteBehavior [ RunTime:0.000042s ]
INFO: [ app_init ] --END-- [ RunTime:0.001208s ]
ERR: 无法加载模块:Public

[ 2017-03-11T23:57:06+08:00 ] ::1 /bishe/Public/css/ssi-uploader.min.css.map
INFO: [ app_init ] --START--
INFO: Run Behavior\BuildLiteBehavior [ RunTime:0.000039s ]
INFO: [ app_init ] --END-- [ RunTime:0.002856s ]
ERR: 无法加载模块:Public

[ 2017-03-11T23:57:06+08:00 ] ::1 /bishe/Public/css/shortRent.css.map
INFO: [ app_init ] --START--
INFO: Run Behavior\BuildLiteBehavior [ RunTime:0.000040s ]
INFO: [ app_init ] --END-- [ RunTime:0.002128s ]
ERR: 无法加载模块:Public

[ 2017-03-11T23:57:36+08:00 ] ::1 /bishe/Public/css/bootstrap.css.map
INFO: [ app_init ] --START--
INFO: Run Behavior\BuildLiteBehavior [ RunTime:0.000040s ]
INFO: [ app_init ] --END-- [ RunTime:0.001120s ]
ERR: 无法加载模块:Public

[ 2017-03-11T23:57:37+08:00 ] ::1 /bishe/Public/css/ssi-uploader.min.css.map
INFO: [ app_init ] --START--
INFO: Run Behavior\BuildLiteBehavior [ RunTime:0.000038s ]
INFO: [ app_init ] --END-- [ RunTime:0.001005s ]
ERR: 无法加载模块:Public

[ 2017-03-11T23:57:37+08:00 ] ::1 /bishe/Public/css/shortRent.css.map
INFO: [ app_init ] --START--
INFO: Run Behavior\BuildLiteBehavior [ RunTime:0.000038s ]
INFO: [ app_init ] --END-- [ RunTime:0.001095s ]
ERR: 无法加载模块:Public

[ 2017-03-11T23:59:47+08:00 ] ::1 /bishe/Public/css/bootstrap.css.map
INFO: [ app_init ] --START--
INFO: Run Behavior\BuildLiteBehavior [ RunTime:0.000040s ]
INFO: [ app_init ] --END-- [ RunTime:0.001265s ]
ERR: 无法加载模块:Public

[ 2017-03-11T23:59:47+08:00 ] ::1 /bishe/Public/css/ssi-uploader.min.css.map
INFO: [ app_init ] --START--
INFO: Run Behavior\BuildLiteBehavior [ RunTime:0.000042s ]
INFO: [ app_init ] --END-- [ RunTime:0.001984s ]
ERR: 无法加载模块:Public

[ 2017-03-11T23:59:47+08:00 ] ::1 /bishe/Public/css/shortRent.css.map
INFO: [ app_init ] --START--
INFO: Run Behavior\BuildLiteBehavior [ RunTime:0.000041s ]
INFO: [ app_init ] --END-- [ RunTime:0.001404s ]
ERR: 无法加载模块:Public

